<?xml version="1.0" encoding="UTF-8"?>
<testng-results ignored="0" total="1" passed="1" failed="0" skipped="0">
  <reporter-output>
  </reporter-output>
  <suite started-at="2024-04-02T01:45:47 IST" name="Default suite" finished-at="2024-04-02T01:46:16 IST" duration-ms="28615">
    <groups>
    </groups>
    <test started-at="2024-04-02T01:45:47 IST" name="Default test" finished-at="2024-04-02T01:46:16 IST" duration-ms="28615">
      <class name="com.inetBanking.testCases.TC_LoginTest_001">
        <test-method is-config="true" signature="setupClass()[pri:0, instance:com.inetBanking.testCases.TC_LoginTest_001@4b29d1d2]" started-at="2024-04-02T01:45:47 IST" name="setupClass" finished-at="2024-04-02T01:46:12 IST" duration-ms="24303" status="PASS">
          <reporter-output>
          </reporter-output>
        </test-method> <!-- setupClass -->
        <test-method signature="loginTC()[pri:0, instance:com.inetBanking.testCases.TC_LoginTest_001@4b29d1d2]" started-at="2024-04-02T01:46:12 IST" name="loginTC" finished-at="2024-04-02T01:46:15 IST" duration-ms="3639" status="PASS">
          <reporter-output>
          </reporter-output>
        </test-method> <!-- loginTC -->
        <test-method is-config="true" signature="tearDown()[pri:0, instance:com.inetBanking.testCases.TC_LoginTest_001@4b29d1d2]" started-at="2024-04-02T01:46:15 IST" name="tearDown" finished-at="2024-04-02T01:46:16 IST" duration-ms="542" status="PASS">
          <reporter-output>
          </reporter-output>
        </test-method> <!-- tearDown -->
      </class> <!-- com.inetBanking.testCases.TC_LoginTest_001 -->
    </test> <!-- Default test -->
  </suite> <!-- Default suite -->
</testng-results>
